Added Component: Designator=*(ESP32 DEVKIT)
Added Component: Designator=H?(Header 2P DC 2.54)
Add component (AddParameter): Name = "Chung_Loai"; Value = "C?m"; VariantName = "[No Variations]"
Add component (AddParameter): Name = "Don_Vi"; Value = "Con"; VariantName = "[No Variations]"
Add component (AddParameter): Name = "Ghi_Chu"; Value = ""; VariantName = "[No Variations]"
Add component (AddParameter): Name = "Kieu_Chan"; Value = ""; VariantName = "[No Variations]"
Add component (AddParameter): Name = "Ma_Hang"; Value = "MH002852"; VariantName = "[No Variations]"
Add component (AddParameter): Name = "Ten_Linh_Kien"; Value = "Header 2P XH2.54-2P Ð?c Cong"; VariantName = "[No Variations]"
Added Component: Designator=H?(Header 3P DC 2.54)
Add component (AddParameter): Name = "Chung_Loai"; Value = "C?m"; VariantName = "[No Variations]"
Add component (AddParameter): Name = "Don_Vi"; Value = "Con"; VariantName = "[No Variations]"
Add component (AddParameter): Name = "Ghi_Chu"; Value = ""; VariantName = "[No Variations]"
Add component (AddParameter): Name = "Kieu_Chan"; Value = ""; VariantName = "[No Variations]"
Add component (AddParameter): Name = "Ma_Hang"; Value = "MH001302"; VariantName = "[No Variations]"
Add component (AddParameter): Name = "Ten_Linh_Kien"; Value = "Header 3P XH2.54-3P Ð?c Cong"; VariantName = "[No Variations]"
Added Component: Designator=H?(Header 5P DC 2.54)
Add component (AddParameter): Name = "Chung_Loai"; Value = "C?m"; VariantName = "[No Variations]"
Add component (AddParameter): Name = "Don_Vi"; Value = "Con"; VariantName = "[No Variations]"
Add component (AddParameter): Name = "Ghi_Chu"; Value = ""; VariantName = "[No Variations]"
Add component (AddParameter): Name = "Kieu_Chan"; Value = ""; VariantName = "[No Variations]"
Add component (AddParameter): Name = "Ma_Hang"; Value = "MH001308"; VariantName = "[No Variations]"
Add component (AddParameter): Name = "Ten_Linh_Kien"; Value = "Header 5P XH2.54-5P Ð?c Cong"; VariantName = "[No Variations]"
Added Pin To Net: NetName=VCC Pin=*-19
Added Pin To Net: NetName=GND Pin=*-38
Added Pin To Net: NetName=GND Pin=H?-1
Added Pin To Net: NetName=GND Pin=H?-1
Added Pin To Net: NetName=VCC Pin=H?-1
Added Pin To Net: NetName=GND Pin=H?-2
Added Pin To Net: NetName=VCC Pin=H?-3
Added Pin To Net: NetName=G5 Pin=*-29
Added Pin To Net: NetName=G5 Pin=H?-3
Added Net: Name=G5
Added Pin To Net: NetName=G15 Pin=*-23
Added Pin To Net: NetName=G15 Pin=H?-2
Added Net: Name=G15
Added Pin To Net: NetName=G18 Pin=*-30
Added Pin To Net: NetName=G18 Pin=H?-4
Added Net: Name=G18
Added Pin To Net: NetName=G19 Pin=*-31
Added Pin To Net: NetName=G19 Pin=H?-5
Added Net: Name=G19
Added Pin To Net: NetName=Net*_24 Pin=*-24
Added Pin To Net: NetName=Net*_24 Pin=H?-2
Added Net: Name=Net*_24
Added Member To Class: ClassName=Sheet1 Member=Component * ESP32 DEV KIT
Added Member To Class: ClassName=Sheet1 Member=Component H? Header 2P 2.54 Duc Cong
Added Member To Class: ClassName=Sheet1 Member=Component H? Header 3P 2.54 Duc Cong
Added Member To Class: ClassName=Sheet1 Member=Component H? Header 5P 2.54 Duc Cong
